<2026-06-29T22:29:13.778Z> Log started on Mon Jun 29 22:29:13 2026
<2026-06-29T22:42:54.060Z> [Notice] <CLocalMissionPhaseMarker::CreateMarker> Creating objective marker: missionId [3af45943-4580-483c-9f6c-1d7006eb5e66], generator name [Covalex_Hauling], contract [HaulCargo_SingleToMulti2_RefinedOre_Aluminium_Stanton4_SmallGrade], contractDefinitionId[05b77939-c3b0-4c2e-bb7e-77379f548ea6], objectiveId [dropoff_2c480515-accc-4f08-8943-7dd18e6f18ed_1], markerEntityId [1280], zoneHostId [628147965116], position [x: -423347.340000, y: -141168.750000, z: -895144.870000] [Team_MissionFeatures][Missions]
<2026-06-29T22:42:54.060Z> [Notice] <CLocalMissionPhaseMarker::CreateMarker> Creating objective marker: missionId [3af45943-4580-483c-9f6c-1d7006eb5e66], generator name [Covalex_Hauling], contract [HaulCargo_SingleToMulti2_RefinedOre_Aluminium_Stanton4_SmallGrade], contractDefinitionId[05b77939-c3b0-4c2e-bb7e-77379f548ea6], objectiveId [dropoff_2c480515-accc-4f08-8943-7dd18e6f18ed_0], markerEntityId [1281], zoneHostId [628147965116], position [x: 520263.736236, y: 435189.388770, z: 736191.350794] [Team_MissionFeatures][Missions]
<2026-06-29T22:42:54.060Z> [Notice] <CLocalMissionPhaseMarker::CreateMarker> Creating objective marker: missionId [3af45943-4580-483c-9f6c-1d7006eb5e66], generator name [Covalex_Hauling], contract [HaulCargo_SingleToMulti2_RefinedOre_Aluminium_Stanton4_SmallGrade], contractDefinitionId[05b77939-c3b0-4c2e-bb7e-77379f548ea6], objectiveId [pickup_2c480515-accc-4f08-8943-7dd18e6f18ed_0], markerEntityId [1282], zoneHostId [628147965116], position [x: 561471.046151, y: 545853.017029, z: 808831.762531] [Team_MissionFeatures][Missions]
<2026-06-29T22:42:54.064Z> [Notice] <SHUDEvent_OnNotification> Added notification "Contract Accepted:  Rookie Rank - Extra Small Cargo Haul : " [4] to queue. New queue size: 5, MissionId: [3af45943-4580-483c-9f6c-1d7006eb5e66], ObjectiveId: [] [Team_CoreGameplayFeatures][Missions][Comms]
<2026-06-29T22:42:54.064Z>    "Contract Accepted:  Rookie Rank - Extra Small Cargo Haul : " [4]
<2026-06-29T22:42:54.064Z>    "Contract Accepted:  Rookie Rank - Extra Small Cargo Haul : " [4]
<2026-06-29T22:42:54.064Z>    "Contract Accepted:  Rookie Rank - Extra Small Cargo Haul : " [4]
<2026-06-29T22:43:15.319Z> [Notice] <CLocalMissionPhaseMarker::CreateMarker> Creating objective marker: missionId [3da7ed5d-1d23-443a-85af-8d78dfc7a53f], generator name [Covalex_Hauling], contract [HaulCargo_SingleToMulti2_RefinedOre_Titanium_Stanton4_SmallGrade], contractDefinitionId[0818a235-72b2-47e1-86eb-bd3f8ee8dd7a], objectiveId [dropoff_a1298297-fe64-4a68-aca6-c5187b268ebc_0], markerEntityId [1288], zoneHostId [628147965116], position [x: -423347.340000, y: -141168.750000, z: -895144.870000] [Team_MissionFeatures][Missions]
<2026-06-29T22:43:15.319Z> [Notice] <CLocalMissionPhaseMarker::CreateMarker> Creating objective marker: missionId [3da7ed5d-1d23-443a-85af-8d78dfc7a53f], generator name [Covalex_Hauling], contract [HaulCargo_SingleToMulti2_RefinedOre_Titanium_Stanton4_SmallGrade], contractDefinitionId[0818a235-72b2-47e1-86eb-bd3f8ee8dd7a], objectiveId [dropoff_a1298297-fe64-4a68-aca6-c5187b268ebc_1], markerEntityId [1289], zoneHostId [628147965116], position [x: 520263.736236, y: 435189.388770, z: 736191.350794] [Team_MissionFeatures][Missions]
<2026-06-29T22:43:15.319Z> [Notice] <CLocalMissionPhaseMarker::CreateMarker> Creating objective marker: missionId [3da7ed5d-1d23-443a-85af-8d78dfc7a53f], generator name [Covalex_Hauling], contract [HaulCargo_SingleToMulti2_RefinedOre_Titanium_Stanton4_SmallGrade], contractDefinitionId[0818a235-72b2-47e1-86eb-bd3f8ee8dd7a], objectiveId [pickup_a1298297-fe64-4a68-aca6-c5187b268ebc_0], markerEntityId [1290], zoneHostId [628147965116], position [x: 561471.046151, y: 545853.017029, z: 808831.762531] [Team_MissionFeatures][Missions]
<2026-06-29T22:43:15.322Z> [Notice] <SHUDEvent_OnNotification> Added notification "Contract Accepted:  Rookie Rank - Extra Small Cargo Haul : " [7] to queue. New queue size: 8, MissionId: [3da7ed5d-1d23-443a-85af-8d78dfc7a53f], ObjectiveId: [] [Team_CoreGameplayFeatures][Missions][Comms]
<2026-06-29T22:43:15.322Z>    "Contract Accepted:  Rookie Rank - Extra Small Cargo Haul : " [4]
<2026-06-29T22:43:15.322Z>    "Contract Accepted:  Rookie Rank - Extra Small Cargo Haul : " [7]
<2026-06-29T22:43:28.279Z> [Notice] <CLocalMissionPhaseMarker::CreateMarker> Creating objective marker: missionId [13aee81c-43f1-4a56-9298-a30504c3a8b6], generator name [Covalex_Hauling], contract [HaulCargo_SingleToMulti2_NonMetal_Carbon_Stanton4_SmallGrade], contractDefinitionId[1b38c8b8-43f1-4a85-bd28-62f4dde6aeb4], objectiveId [dropoff_a822fc34-8aa6-4ae0-99cb-c29bb4b5f0a7_0], markerEntityId [1291], zoneHostId [628147965116], position [x: 520263.736236, y: 435189.388770, z: 736191.350794] [Team_MissionFeatures][Missions]
<2026-06-29T22:43:28.279Z> [Notice] <CLocalMissionPhaseMarker::CreateMarker> Creating objective marker: missionId [13aee81c-43f1-4a56-9298-a30504c3a8b6], generator name [Covalex_Hauling], contract [HaulCargo_SingleToMulti2_NonMetal_Carbon_Stanton4_SmallGrade], contractDefinitionId[1b38c8b8-43f1-4a85-bd28-62f4dde6aeb4], objectiveId [pickup_a822fc34-8aa6-4ae0-99cb-c29bb4b5f0a7_0], markerEntityId [1292], zoneHostId [628147965116], position [x: 561471.046151, y: 545853.017029, z: 808831.762531] [Team_MissionFeatures][Missions]
<2026-06-29T22:43:28.279Z> [Notice] <CLocalMissionPhaseMarker::CreateMarker> Creating objective marker: missionId [13aee81c-43f1-4a56-9298-a30504c3a8b6], generator name [Covalex_Hauling], contract [HaulCargo_SingleToMulti2_NonMetal_Carbon_Stanton4_SmallGrade], contractDefinitionId[1b38c8b8-43f1-4a85-bd28-62f4dde6aeb4], objectiveId [dropoff_a822fc34-8aa6-4ae0-99cb-c29bb4b5f0a7_1], markerEntityId [1293], zoneHostId [628147965116], position [x: -173422.432138, y: -923630.455718, z: -343264.571052] [Team_MissionFeatures][Missions]
<2026-06-29T22:43:28.283Z> [Notice] <SHUDEvent_OnNotification> Added notification "Contract Accepted:  Rookie Rank - Extra Small Cargo Haul : " [8] to queue. New queue size: 9, MissionId: [13aee81c-43f1-4a56-9298-a30504c3a8b6], ObjectiveId: [] [Team_CoreGameplayFeatures][Missions][Comms]
<2026-06-29T22:43:28.283Z>    "Contract Accepted:  Rookie Rank - Extra Small Cargo Haul : " [4]
<2026-06-29T22:43:28.283Z>    "Contract Accepted:  Rookie Rank - Extra Small Cargo Haul : " [7]
<2026-06-29T22:43:28.283Z>    "Contract Accepted:  Rookie Rank - Extra Small Cargo Haul : " [8]
<2026-06-29T22:43:30.067Z>    "Contract Accepted:  Rookie Rank - Extra Small Cargo Haul : " [4]
<2026-06-29T22:43:30.067Z>    "Contract Accepted:  Rookie Rank - Extra Small Cargo Haul : " [7]
<2026-06-29T22:43:30.067Z>    "Contract Accepted:  Rookie Rank - Extra Small Cargo Haul : " [8]
<2026-06-29T22:43:38.945Z> [Notice] <CLocalMissionPhaseMarker::CreateMarker> Creating objective marker: missionId [45d13d1d-b90a-4dcf-bc23-569fb8ecd5be], generator name [Covalex_Hauling], contract [HaulCargo_SingleToMulti2_NonMetal_Silicon_Stanton4_SmallGrade], contractDefinitionId[58a42b13-07dc-43c1-aa91-495fbe53c4f7], objectiveId [dropoff_6687c909-21ef-4464-b34f-25dd068e0fa6_1], markerEntityId [1297], zoneHostId [628147965116], position [x: -423347.340000, y: -141168.750000, z: -895144.870000] [Team_MissionFeatures][Missions]
<2026-06-29T22:43:38.945Z> [Notice] <CLocalMissionPhaseMarker::CreateMarker> Creating objective marker: missionId [45d13d1d-b90a-4dcf-bc23-569fb8ecd5be], generator name [Covalex_Hauling], contract [HaulCargo_SingleToMulti2_NonMetal_Silicon_Stanton4_SmallGrade], contractDefinitionId[58a42b13-07dc-43c1-aa91-495fbe53c4f7], objectiveId [dropoff_6687c909-21ef-4464-b34f-25dd068e0fa6_0], markerEntityId [1298], zoneHostId [628147965116], position [x: 520263.736236, y: 435189.388770, z: 736191.350794] [Team_MissionFeatures][Missions]
<2026-06-29T22:43:38.945Z> [Notice] <CLocalMissionPhaseMarker::CreateMarker> Creating objective marker: missionId [45d13d1d-b90a-4dcf-bc23-569fb8ecd5be], generator name [Covalex_Hauling], contract [HaulCargo_SingleToMulti2_NonMetal_Silicon_Stanton4_SmallGrade], contractDefinitionId[58a42b13-07dc-43c1-aa91-495fbe53c4f7], objectiveId [pickup_6687c909-21ef-4464-b34f-25dd068e0fa6_0], markerEntityId [1299], zoneHostId [628147965116], position [x: 561471.046151, y: 545853.017029, z: 808831.762531] [Team_MissionFeatures][Missions]
<2026-06-29T22:43:38.948Z> [Notice] <SHUDEvent_OnNotification> Added notification "Contract Accepted:  Rookie Rank - Extra Small Cargo Haul : " [10] to queue. New queue size: 9, MissionId: [45d13d1d-b90a-4dcf-bc23-569fb8ecd5be], ObjectiveId: [] [Team_CoreGameplayFeatures][Missions][Comms]
<2026-06-29T22:43:38.948Z>    "Contract Accepted:  Rookie Rank - Extra Small Cargo Haul : " [4]
<2026-06-29T22:43:38.948Z>    "Contract Accepted:  Rookie Rank - Extra Small Cargo Haul : " [7]
<2026-06-29T22:43:38.948Z>    "Contract Accepted:  Rookie Rank - Extra Small Cargo Haul : " [8]
<2026-06-29T22:43:38.948Z>    "Contract Accepted:  Rookie Rank - Extra Small Cargo Haul : " [10]
<2026-06-29T22:43:45.146Z> [Notice] <UpdateNotificationItem> Notification "Contract Accepted:  Rookie Rank - Extra Small Cargo Haul : " [4], Action: Next [Team_CoreGameplayFeatures][Missions][Comms]
<2026-06-29T22:43:50.158Z> [Notice] <UpdateNotificationItem> Notification "Contract Accepted:  Rookie Rank - Extra Small Cargo Haul : " [4], Action: StartFade [Team_CoreGameplayFeatures][Missions][Comms]
<2026-06-29T22:43:51.154Z> [Notice] <UpdateNotificationItem> Notification "Contract Accepted:  Rookie Rank - Extra Small Cargo Haul : " [4], Action: Remove [Team_CoreGameplayFeatures][Missions][Comms]
<2026-06-29T22:44:03.199Z> [Notice] <UpdateNotificationItem> Notification "Contract Accepted:  Rookie Rank - Extra Small Cargo Haul : " [7], Action: Next [Team_CoreGameplayFeatures][Missions][Comms]
<2026-06-29T22:44:08.208Z> [Notice] <UpdateNotificationItem> Notification "Contract Accepted:  Rookie Rank - Extra Small Cargo Haul : " [7], Action: StartFade [Team_CoreGameplayFeatures][Missions][Comms]
<2026-06-29T22:44:09.204Z> [Notice] <UpdateNotificationItem> Notification "Contract Accepted:  Rookie Rank - Extra Small Cargo Haul : " [7], Action: Remove [Team_CoreGameplayFeatures][Missions][Comms]
<2026-06-29T22:44:09.215Z> [Notice] <UpdateNotificationItem> Notification "Contract Accepted:  Rookie Rank - Extra Small Cargo Haul : " [8], Action: Next [Team_CoreGameplayFeatures][Missions][Comms]
<2026-06-29T22:44:13.203Z> [Notice] <CLocalMissionPhaseMarker::CreateMarker> Creating objective marker: missionId [28ae6839-8fe3-4c4f-9bbc-68e681f5a084], generator name [Covalex_Hauling], contract [HaulCargo_SingleToMulti2_RefinedOre_Corundum_Stanton4_SmallGrade], contractDefinitionId[5cb81606-95c8-4604-ba15-eaa7cda150be], objectiveId [dropoff_b2760c96-2963-460f-8d26-41f7c3163b88_1], markerEntityId [1423], zoneHostId [628147965116], position [x: -423347.340000, y: -141168.750000, z: -895144.870000] [Team_MissionFeatures][Missions]
<2026-06-29T22:44:13.203Z> [Notice] <CLocalMissionPhaseMarker::CreateMarker> Creating objective marker: missionId [28ae6839-8fe3-4c4f-9bbc-68e681f5a084], generator name [Covalex_Hauling], contract [HaulCargo_SingleToMulti2_RefinedOre_Corundum_Stanton4_SmallGrade], contractDefinitionId[5cb81606-95c8-4604-ba15-eaa7cda150be], objectiveId [pickup_b2760c96-2963-460f-8d26-41f7c3163b88_0], markerEntityId [1424], zoneHostId [628147965116], position [x: 561471.046151, y: 545853.017029, z: 808831.762531] [Team_MissionFeatures][Missions]
<2026-06-29T22:44:13.203Z> [Notice] <CLocalMissionPhaseMarker::CreateMarker> Creating objective marker: missionId [28ae6839-8fe3-4c4f-9bbc-68e681f5a084], generator name [Covalex_Hauling], contract [HaulCargo_SingleToMulti2_RefinedOre_Corundum_Stanton4_SmallGrade], contractDefinitionId[5cb81606-95c8-4604-ba15-eaa7cda150be], objectiveId [dropoff_b2760c96-2963-460f-8d26-41f7c3163b88_0], markerEntityId [1425], zoneHostId [628147965116], position [x: -173422.432138, y: -923630.455718, z: -343264.571052] [Team_MissionFeatures][Missions]
<2026-06-29T22:44:13.206Z> [Notice] <SHUDEvent_OnNotification> Added notification "Contract Accepted:  Rookie Rank - Extra Small Cargo Haul : " [11] to queue. New queue size: 4, MissionId: [28ae6839-8fe3-4c4f-9bbc-68e681f5a084], ObjectiveId: [] [Team_CoreGameplayFeatures][Missions][Comms]
<2026-06-29T22:44:13.206Z>    "Contract Accepted:  Rookie Rank - Extra Small Cargo Haul : " [8]
<2026-06-29T22:44:13.206Z>    "Contract Accepted:  Rookie Rank - Extra Small Cargo Haul : " [10]
<2026-06-29T22:44:13.206Z>    "Contract Accepted:  Rookie Rank - Extra Small Cargo Haul : " [11]
<2026-06-29T22:44:14.221Z> [Notice] <UpdateNotificationItem> Notification "Contract Accepted:  Rookie Rank - Extra Small Cargo Haul : " [8], Action: StartFade [Team_CoreGameplayFeatures][Missions][Comms]
<2026-06-29T22:44:15.225Z> [Notice] <UpdateNotificationItem> Notification "Contract Accepted:  Rookie Rank - Extra Small Cargo Haul : " [8], Action: Remove [Team_CoreGameplayFeatures][Missions][Comms]
<2026-06-29T22:44:25.249Z> [Notice] <UpdateNotificationItem> Notification "Contract Accepted:  Rookie Rank - Extra Small Cargo Haul : " [10], Action: Next [Team_CoreGameplayFeatures][Missions][Comms]
<2026-06-29T22:44:29.938Z> [Notice] <CLocalMissionPhaseMarker::CreateMarker> Creating objective marker: missionId [5d4969cd-cce3-4af7-a05e-bf75d1d939a8], generator name [Covalex_Hauling], contract [HaulCargo_SingleToMulti2_RefinedOre_Quartz_Stanton4_SmallGrade], contractDefinitionId[62cbf8f6-b950-402a-8f0b-770ee0dea83b], objectiveId [dropoff_3f53ceb8-1c97-445d-9ce9-7d528e36e5f5_0], markerEntityId [1426], zoneHostId [628147965116], position [x: -423347.340000, y: -141168.750000, z: -895144.870000] [Team_MissionFeatures][Missions]
<2026-06-29T22:44:29.938Z> [Notice] <CLocalMissionPhaseMarker::CreateMarker> Creating objective marker: missionId [5d4969cd-cce3-4af7-a05e-bf75d1d939a8], generator name [Covalex_Hauling], contract [HaulCargo_SingleToMulti2_RefinedOre_Quartz_Stanton4_SmallGrade], contractDefinitionId[62cbf8f6-b950-402a-8f0b-770ee0dea83b], objectiveId [dropoff_3f53ceb8-1c97-445d-9ce9-7d528e36e5f5_1], markerEntityId [1427], zoneHostId [628147965116], position [x: 520263.736236, y: 435189.388770, z: 736191.350794] [Team_MissionFeatures][Missions]
<2026-06-29T22:44:29.938Z> [Notice] <CLocalMissionPhaseMarker::CreateMarker> Creating objective marker: missionId [5d4969cd-cce3-4af7-a05e-bf75d1d939a8], generator name [Covalex_Hauling], contract [HaulCargo_SingleToMulti2_RefinedOre_Quartz_Stanton4_SmallGrade], contractDefinitionId[62cbf8f6-b950-402a-8f0b-770ee0dea83b], objectiveId [pickup_3f53ceb8-1c97-445d-9ce9-7d528e36e5f5_0], markerEntityId [1428], zoneHostId [628147965116], position [x: 561471.046151, y: 545853.017029, z: 808831.762531] [Team_MissionFeatures][Missions]
<2026-06-29T22:44:29.941Z> [Notice] <SHUDEvent_OnNotification> Added notification "Contract Accepted:  Rookie Rank - Extra Small Cargo Haul : " [12] to queue. New queue size: 3, MissionId: [5d4969cd-cce3-4af7-a05e-bf75d1d939a8], ObjectiveId: [] [Team_CoreGameplayFeatures][Missions][Comms]
<2026-06-29T22:44:29.941Z>    "Contract Accepted:  Rookie Rank - Extra Small Cargo Haul : " [10]
<2026-06-29T22:44:29.941Z>    "Contract Accepted:  Rookie Rank - Extra Small Cargo Haul : " [11]
<2026-06-29T22:44:29.941Z>    "Contract Accepted:  Rookie Rank - Extra Small Cargo Haul : " [12]
<2026-06-29T22:44:30.136Z>    "Contract Accepted:  Rookie Rank - Extra Small Cargo Haul : " [10]
<2026-06-29T22:44:30.136Z>    "Contract Accepted:  Rookie Rank - Extra Small Cargo Haul : " [11]
<2026-06-29T22:44:30.136Z>    "Contract Accepted:  Rookie Rank - Extra Small Cargo Haul : " [12]
<2026-06-29T22:44:30.263Z> [Notice] <UpdateNotificationItem> Notification "Contract Accepted:  Rookie Rank - Extra Small Cargo Haul : " [10], Action: StartFade [Team_CoreGameplayFeatures][Missions][Comms]
<2026-06-29T22:44:31.256Z> [Notice] <UpdateNotificationItem> Notification "Contract Accepted:  Rookie Rank - Extra Small Cargo Haul : " [10], Action: Remove [Team_CoreGameplayFeatures][Missions][Comms]
<2026-06-29T22:44:31.268Z> [Notice] <UpdateNotificationItem> Notification "Contract Accepted:  Rookie Rank - Extra Small Cargo Haul : " [11], Action: Next [Team_CoreGameplayFeatures][Missions][Comms]
<2026-06-29T22:44:36.277Z> [Notice] <UpdateNotificationItem> Notification "Contract Accepted:  Rookie Rank - Extra Small Cargo Haul : " [11], Action: StartFade [Team_CoreGameplayFeatures][Missions][Comms]
<2026-06-29T22:44:37.276Z> [Notice] <UpdateNotificationItem> Notification "Contract Accepted:  Rookie Rank - Extra Small Cargo Haul : " [11], Action: Remove [Team_CoreGameplayFeatures][Missions][Comms]
<2026-06-29T22:44:37.289Z> [Notice] <UpdateNotificationItem> Notification "Contract Accepted:  Rookie Rank - Extra Small Cargo Haul : " [12], Action: Next [Team_CoreGameplayFeatures][Missions][Comms]
<2026-06-29T22:44:42.293Z> [Notice] <UpdateNotificationItem> Notification "Contract Accepted:  Rookie Rank - Extra Small Cargo Haul : " [12], Action: StartFade [Team_CoreGameplayFeatures][Missions][Comms]
<2026-06-29T22:44:43.291Z> [Notice] <UpdateNotificationItem> Notification "Contract Accepted:  Rookie Rank - Extra Small Cargo Haul : " [12], Action: Remove [Team_CoreGameplayFeatures][Missions][Comms]
<2026-06-29T22:44:50.162Z> [Notice] <CLocalMissionPhaseMarker::CreateMarker> Creating objective marker: missionId [c4d6a452-3997-419a-86c9-588dc76f1025], generator name [Covalex_Hauling], contract [HaulCargo_SingleToMulti2_RefinedOre_Tungsten_Stanton4_SmallGrade], contractDefinitionId[bce461c7-89f6-45e5-9fdb-b02501321567], objectiveId [dropoff_86490c29-ca0f-48d9-8ff2-99cd9fef4e9c_1], markerEntityId [3171], zoneHostId [628147965116], position [x: -423347.340000, y: -141168.750000, z: -895144.870000] [Team_MissionFeatures][Missions]
<2026-06-29T22:44:50.162Z> [Notice] <CLocalMissionPhaseMarker::CreateMarker> Creating objective marker: missionId [c4d6a452-3997-419a-86c9-588dc76f1025], generator name [Covalex_Hauling], contract [HaulCargo_SingleToMulti2_RefinedOre_Tungsten_Stanton4_SmallGrade], contractDefinitionId[bce461c7-89f6-45e5-9fdb-b02501321567], objectiveId [pickup_86490c29-ca0f-48d9-8ff2-99cd9fef4e9c_0], markerEntityId [3172], zoneHostId [628147965116], position [x: 561471.046151, y: 545853.017029, z: 808831.762531] [Team_MissionFeatures][Missions]
<2026-06-29T22:44:50.162Z> [Notice] <CLocalMissionPhaseMarker::CreateMarker> Creating objective marker: missionId [c4d6a452-3997-419a-86c9-588dc76f1025], generator name [Covalex_Hauling], contract [HaulCargo_SingleToMulti2_RefinedOre_Tungsten_Stanton4_SmallGrade], contractDefinitionId[bce461c7-89f6-45e5-9fdb-b02501321567], objectiveId [dropoff_86490c29-ca0f-48d9-8ff2-99cd9fef4e9c_0], markerEntityId [3173], zoneHostId [628147965116], position [x: -173422.432138, y: -923630.455718, z: -343264.571052] [Team_MissionFeatures][Missions]
<2026-06-29T22:44:50.165Z> [Notice] <SHUDEvent_OnNotification> Added notification "Contract Accepted:  Rookie Rank - Extra Small Cargo Haul : " [14] to queue. New queue size: 2, MissionId: [c4d6a452-3997-419a-86c9-588dc76f1025], ObjectiveId: [] [Team_CoreGameplayFeatures][Missions][Comms]
<2026-06-29T22:44:50.165Z>    "Contract Accepted:  Rookie Rank - Extra Small Cargo Haul : " [14]
<2026-06-29T22:44:53.317Z> [Notice] <UpdateNotificationItem> Notification "Contract Accepted:  Rookie Rank - Extra Small Cargo Haul : " [14], Action: Next [Team_CoreGameplayFeatures][Missions][Comms]
<2026-06-29T22:44:58.329Z> [Notice] <UpdateNotificationItem> Notification "Contract Accepted:  Rookie Rank - Extra Small Cargo Haul : " [14], Action: StartFade [Team_CoreGameplayFeatures][Missions][Comms]
<2026-06-29T22:44:59.322Z> [Notice] <UpdateNotificationItem> Notification "Contract Accepted:  Rookie Rank - Extra Small Cargo Haul : " [14], Action: Remove [Team_CoreGameplayFeatures][Missions][Comms]
<2026-06-29T22:49:55.539Z> [Notice] <ObjectiveUpserted> Received ObjectiveUpserted push message for: mission_id 5d4969cd-cce3-4af7-a05e-bf75d1d939a8 - objective_id pickup_3f53ceb8-1c97-445d-9ce9-7d528e36e5f5_0 - state MISSION_OBJECTIVE_STATE_COMPLETED - created 0 - flags=ShowInLog| [Team_GameServices][Missions]
<2026-06-29T22:49:55.539Z> [Notice] <ObjectiveUpserted> Received ObjectiveUpserted push message for: mission_id 5d4969cd-cce3-4af7-a05e-bf75d1d939a8 - objective_id pickup_3f53ceb8-1c97-445d-9ce9-7d528e36e5f5_1 - state MISSION_OBJECTIVE_STATE_COMPLETED - created 0 - flags=ShowInLog| [Team_GameServices][Missions]
<2026-06-29T22:49:55.539Z> [Notice] <ObjectiveUpserted> Received ObjectiveUpserted push message for: mission_id 28ae6839-8fe3-4c4f-9bbc-68e681f5a084 - objective_id pickup_b2760c96-2963-460f-8d26-41f7c3163b88_0 - state MISSION_OBJECTIVE_STATE_COMPLETED - created 0 - flags=ShowInLog| [Team_GameServices][Missions]
<2026-06-29T22:49:55.539Z> [Notice] <ObjectiveUpserted> Received ObjectiveUpserted push message for: mission_id 28ae6839-8fe3-4c4f-9bbc-68e681f5a084 - objective_id pickup_b2760c96-2963-460f-8d26-41f7c3163b88_1 - state MISSION_OBJECTIVE_STATE_COMPLETED - created 0 - flags=ShowInLog| [Team_GameServices][Missions]
<2026-06-29T22:49:55.539Z> [Notice] <ObjectiveUpserted> Received ObjectiveUpserted push message for: mission_id 45d13d1d-b90a-4dcf-bc23-569fb8ecd5be - objective_id pickup_6687c909-21ef-4464-b34f-25dd068e0fa6_0 - state MISSION_OBJECTIVE_STATE_COMPLETED - created 0 - flags=ShowInLog| [Team_GameServices][Missions]
<2026-06-29T22:49:55.539Z> [Notice] <ObjectiveUpserted> Received ObjectiveUpserted push message for: mission_id 45d13d1d-b90a-4dcf-bc23-569fb8ecd5be - objective_id pickup_6687c909-21ef-4464-b34f-25dd068e0fa6_1 - state MISSION_OBJECTIVE_STATE_COMPLETED - created 0 - flags=ShowInLog| [Team_GameServices][Missions]
<2026-06-29T22:49:55.539Z> [Notice] <ObjectiveUpserted> Received ObjectiveUpserted push message for: mission_id 3af45943-4580-483c-9f6c-1d7006eb5e66 - objective_id pickup_2c480515-accc-4f08-8943-7dd18e6f18ed_0 - state MISSION_OBJECTIVE_STATE_COMPLETED - created 0 - flags=ShowInLog| [Team_GameServices][Missions]
<2026-06-29T22:49:55.539Z> [Notice] <ObjectiveUpserted> Received ObjectiveUpserted push message for: mission_id 3af45943-4580-483c-9f6c-1d7006eb5e66 - objective_id pickup_2c480515-accc-4f08-8943-7dd18e6f18ed_1 - state MISSION_OBJECTIVE_STATE_COMPLETED - created 0 - flags=ShowInLog| [Team_GameServices][Missions]
<2026-06-29T22:49:55.539Z> [Notice] <ObjectiveUpserted> Received ObjectiveUpserted push message for: mission_id c4d6a452-3997-419a-86c9-588dc76f1025 - objective_id pickup_86490c29-ca0f-48d9-8ff2-99cd9fef4e9c_0 - state MISSION_OBJECTIVE_STATE_COMPLETED - created 0 - flags=ShowInLog| [Team_GameServices][Missions]
<2026-06-29T22:49:55.539Z> [Notice] <ObjectiveUpserted> Received ObjectiveUpserted push message for: mission_id c4d6a452-3997-419a-86c9-588dc76f1025 - objective_id pickup_86490c29-ca0f-48d9-8ff2-99cd9fef4e9c_1 - state MISSION_OBJECTIVE_STATE_COMPLETED - created 0 - flags=ShowInLog| [Team_GameServices][Missions]
<2026-06-29T22:49:55.539Z> [Notice] <ObjectiveUpserted> Received ObjectiveUpserted push message for: mission_id 13aee81c-43f1-4a56-9298-a30504c3a8b6 - objective_id pickup_a822fc34-8aa6-4ae0-99cb-c29bb4b5f0a7_0 - state MISSION_OBJECTIVE_STATE_COMPLETED - created 0 - flags=ShowInLog| [Team_GameServices][Missions]
<2026-06-29T22:49:55.540Z> [Notice] <ObjectiveUpserted> Received ObjectiveUpserted push message for: mission_id 13aee81c-43f1-4a56-9298-a30504c3a8b6 - objective_id pickup_a822fc34-8aa6-4ae0-99cb-c29bb4b5f0a7_1 - state MISSION_OBJECTIVE_STATE_COMPLETED - created 0 - flags=ShowInLog| [Team_GameServices][Missions]
<2026-06-29T22:49:55.540Z> [Notice] <ObjectiveUpserted> Received ObjectiveUpserted push message for: mission_id 3da7ed5d-1d23-443a-85af-8d78dfc7a53f - objective_id pickup_a1298297-fe64-4a68-aca6-c5187b268ebc_0 - state MISSION_OBJECTIVE_STATE_COMPLETED - created 0 - flags=ShowInLog| [Team_GameServices][Missions]
<2026-06-29T22:49:55.540Z> [Notice] <ObjectiveUpserted> Received ObjectiveUpserted push message for: mission_id 3da7ed5d-1d23-443a-85af-8d78dfc7a53f - objective_id pickup_a1298297-fe64-4a68-aca6-c5187b268ebc_1 - state MISSION_OBJECTIVE_STATE_COMPLETED - created 0 - flags=ShowInLog| [Team_GameServices][Missions]
<2026-06-29T23:24:16.439Z> [Notice] <ObjectiveUpserted> Received ObjectiveUpserted push message for: mission_id 3af45943-4580-483c-9f6c-1d7006eb5e66 - objective_id dropoff_2c480515-accc-4f08-8943-7dd18e6f18ed_1 - state MISSION_OBJECTIVE_STATE_COMPLETED - created 0 - flags=ShowInLog| [Team_GameServices][Missions]
<2026-06-29T23:24:16.439Z> [Notice] <ObjectiveUpserted> Received ObjectiveUpserted push message for: mission_id 3da7ed5d-1d23-443a-85af-8d78dfc7a53f - objective_id dropoff_a1298297-fe64-4a68-aca6-c5187b268ebc_0 - state MISSION_OBJECTIVE_STATE_COMPLETED - created 0 - flags=ShowInLog| [Team_GameServices][Missions]
<2026-06-29T23:24:16.439Z> [Notice] <ObjectiveUpserted> Received ObjectiveUpserted push message for: mission_id 5d4969cd-cce3-4af7-a05e-bf75d1d939a8 - objective_id dropoff_3f53ceb8-1c97-445d-9ce9-7d528e36e5f5_0 - state MISSION_OBJECTIVE_STATE_COMPLETED - created 0 - flags=ShowInLog| [Team_GameServices][Missions]
<2026-06-29T23:24:16.439Z> [Notice] <ObjectiveUpserted> Received ObjectiveUpserted push message for: mission_id 28ae6839-8fe3-4c4f-9bbc-68e681f5a084 - objective_id dropoff_b2760c96-2963-460f-8d26-41f7c3163b88_1 - state MISSION_OBJECTIVE_STATE_COMPLETED - created 0 - flags=ShowInLog| [Team_GameServices][Missions]
<2026-06-29T23:24:16.458Z> [Notice] <ObjectiveUpserted> Received ObjectiveUpserted push message for: mission_id 45d13d1d-b90a-4dcf-bc23-569fb8ecd5be - objective_id dropoff_6687c909-21ef-4464-b34f-25dd068e0fa6_1 - state MISSION_OBJECTIVE_STATE_COMPLETED - created 0 - flags=ShowInLog| [Team_GameServices][Missions]
<2026-06-29T23:24:16.458Z> [Notice] <ObjectiveUpserted> Received ObjectiveUpserted push message for: mission_id c4d6a452-3997-419a-86c9-588dc76f1025 - objective_id dropoff_86490c29-ca0f-48d9-8ff2-99cd9fef4e9c_1 - state MISSION_OBJECTIVE_STATE_COMPLETED - created 0 - flags=ShowInLog| [Team_GameServices][Missions]
<2026-06-29T23:32:53.407Z> [Notice] <ObjectiveUpserted> Received ObjectiveUpserted push message for: mission_id c4d6a452-3997-419a-86c9-588dc76f1025 - objective_id dropoff_86490c29-ca0f-48d9-8ff2-99cd9fef4e9c_0 - state MISSION_OBJECTIVE_STATE_COMPLETED - created 0 - flags=ShowInLog| [Team_GameServices][Missions]
<2026-06-29T23:32:53.407Z> [Notice] <ObjectiveUpserted> Received ObjectiveUpserted push message for: mission_id 28ae6839-8fe3-4c4f-9bbc-68e681f5a084 - objective_id dropoff_b2760c96-2963-460f-8d26-41f7c3163b88_0 - state MISSION_OBJECTIVE_STATE_COMPLETED - created 0 - flags=ShowInLog| [Team_GameServices][Missions]
<2026-06-29T23:32:53.407Z> [Notice] <ObjectiveUpserted> Received ObjectiveUpserted push message for: mission_id 13aee81c-43f1-4a56-9298-a30504c3a8b6 - objective_id dropoff_a822fc34-8aa6-4ae0-99cb-c29bb4b5f0a7_1 - state MISSION_OBJECTIVE_STATE_COMPLETED - created 0 - flags=ShowInLog| [Team_GameServices][Missions]
<2026-06-29T23:32:53.457Z> [Notice] <EndMission> Ending mission for player. MissionId[c4d6a452-3997-419a-86c9-588dc76f1025] Player[TestPilot] PlayerId[100000000000] CompletionType[Complete] Reason[Mission Ended] [Team_MissionFeatures][Missions]
<2026-06-29T23:32:53.483Z> [Notice] <EndMission> Ending mission for player. MissionId[28ae6839-8fe3-4c4f-9bbc-68e681f5a084] Player[TestPilot] PlayerId[100000000000] CompletionType[Complete] Reason[Mission Ended] [Team_MissionFeatures][Missions]
<2026-06-29T23:45:07.872Z> [Notice] <ObjectiveUpserted> Received ObjectiveUpserted push message for: mission_id 13aee81c-43f1-4a56-9298-a30504c3a8b6 - objective_id dropoff_a822fc34-8aa6-4ae0-99cb-c29bb4b5f0a7_0 - state MISSION_OBJECTIVE_STATE_COMPLETED - created 0 - flags=ShowInLog| [Team_GameServices][Missions]
<2026-06-29T23:45:07.872Z> [Notice] <ObjectiveUpserted> Received ObjectiveUpserted push message for: mission_id 5d4969cd-cce3-4af7-a05e-bf75d1d939a8 - objective_id dropoff_3f53ceb8-1c97-445d-9ce9-7d528e36e5f5_1 - state MISSION_OBJECTIVE_STATE_INPROGRESS - created 0 - flags=ShowInLog| [Team_GameServices][Missions]
<2026-06-29T23:45:07.872Z> [Notice] <ObjectiveUpserted> Received ObjectiveUpserted push message for: mission_id 3da7ed5d-1d23-443a-85af-8d78dfc7a53f - objective_id dropoff_a1298297-fe64-4a68-aca6-c5187b268ebc_1 - state MISSION_OBJECTIVE_STATE_COMPLETED - created 0 - flags=ShowInLog| [Team_GameServices][Missions]
<2026-06-29T23:45:07.873Z> [Notice] <ObjectiveUpserted> Received ObjectiveUpserted push message for: mission_id 45d13d1d-b90a-4dcf-bc23-569fb8ecd5be - objective_id dropoff_6687c909-21ef-4464-b34f-25dd068e0fa6_0 - state MISSION_OBJECTIVE_STATE_COMPLETED - created 0 - flags=ShowInLog| [Team_GameServices][Missions]
<2026-06-29T23:45:07.873Z> [Notice] <ObjectiveUpserted> Received ObjectiveUpserted push message for: mission_id 3af45943-4580-483c-9f6c-1d7006eb5e66 - objective_id dropoff_2c480515-accc-4f08-8943-7dd18e6f18ed_0 - state MISSION_OBJECTIVE_STATE_COMPLETED - created 0 - flags=ShowInLog| [Team_GameServices][Missions]
<2026-06-29T23:45:07.921Z> [Notice] <EndMission> Ending mission for player. MissionId[3da7ed5d-1d23-443a-85af-8d78dfc7a53f] Player[TestPilot] PlayerId[100000000000] CompletionType[Complete] Reason[Mission Ended] [Team_MissionFeatures][Missions]
<2026-06-29T23:45:07.921Z> [Notice] <EndMission> Ending mission for player. MissionId[3af45943-4580-483c-9f6c-1d7006eb5e66] Player[TestPilot] PlayerId[100000000000] CompletionType[Complete] Reason[Mission Ended] [Team_MissionFeatures][Missions]
<2026-06-29T23:45:07.921Z> [Notice] <EndMission> Ending mission for player. MissionId[13aee81c-43f1-4a56-9298-a30504c3a8b6] Player[TestPilot] PlayerId[100000000000] CompletionType[Complete] Reason[Mission Ended] [Team_MissionFeatures][Missions]
<2026-06-29T23:45:07.933Z> [Notice] <EndMission> Ending mission for player. MissionId[45d13d1d-b90a-4dcf-bc23-569fb8ecd5be] Player[TestPilot] PlayerId[100000000000] CompletionType[Complete] Reason[Mission Ended] [Team_MissionFeatures][Missions]
<2026-06-29T23:45:37.148Z> [Notice] <EndMission> Ending mission for player. MissionId[5d4969cd-cce3-4af7-a05e-bf75d1d939a8] Player[TestPilot] PlayerId[100000000000] CompletionType[Complete] Reason[Mission Ended] [Team_MissionFeatures][Missions]
